2022-09-16 09:50:06.638  INFO 14732 --- [restartedMain] com.routediary.BackApplication           : Starting BackApplication using Java 1.8.0_331 on DESKTOP-TMDQOHC with PID 14732 (E:\244\semi-project\back\target\classes started by minho in E:\244\semi-project\back)
2022-09-16 09:50:06.639  INFO 14732 --- [restartedMain] com.routediary.BackApplication           : No active profile set, falling back to 1 default profile: "default"
2022-09-16 09:50:06.963  WARN 14732 --- [restartedMain] o.m.s.mapper.ClassPathMapperScanner      : No MyBatis mapper was found in '[com.routediary]' package. Please check your configuration.
2022-09-16 09:50:06.981  INFO 14732 --- [restartedMain] trationDelegate$BeanPostProcessorChecker : Bean 'org.springframework.ws.config.annotation.DelegatingWsConfiguration' of type [org.springframework.ws.config.annotation.DelegatingWsConfiguration$$EnhancerBySpringCGLIB$$90f132da] is not eligible for getting processed by all BeanPostProcessors (for example: not eligible for auto-proxying)
2022-09-16 09:50:06.988  INFO 14732 --- [restartedMain] .w.s.a.s.AnnotationActionEndpointMapping : Supporting [WS-Addressing August 2004, WS-Addressing 1.0]
2022-09-16 09:50:07.146  INFO 14732 --- [restartedMain] o.s.b.w.embedded.tomcat.TomcatWebServer  : Tomcat initialized with port(s): 9997 (http)
2022-09-16 09:50:07.148  INFO 14732 --- [restartedMain] o.apache.catalina.core.StandardService   : Starting service [Tomcat]
2022-09-16 09:50:07.149  INFO 14732 --- [restartedMain] org.apache.catalina.core.StandardEngine  : Starting Servlet engine: [Apache Tomcat/9.0.65]
2022-09-16 09:50:07.193  INFO 14732 --- [restartedMain] o.a.c.c.C.[.[localhost].[/back]          : Initializing Spring embedded WebApplicationContext
2022-09-16 09:50:07.194  INFO 14732 --- [restartedMain] w.s.c.ServletWebServerApplicationContext : Root WebApplicationContext: initialization completed in 547 ms
2022-09-16 09:50:07.462  WARN 14732 --- [restartedMain] ConfigServletWebServerApplicationContext : Exception encountered during context initialization - cancelling refresh attempt: org.springframework.beans.factory.BeanCreationException: Error creating bean with name 'dataSource' defined in class path resource [org/springframework/boot/autoconfigure/jdbc/DataSourceConfiguration$Hikari.class]: Bean instantiation via factory method failed; nested exception is org.springframework.beans.BeanInstantiationException: Failed to instantiate [com.zaxxer.hikari.HikariDataSource]: Factory method 'dataSource' threw exception; nested exception is org.springframework.boot.autoconfigure.jdbc.DataSourceProperties$DataSourceBeanCreationException: Failed to determine a suitable driver class
2022-09-16 09:50:07.463  INFO 14732 --- [restartedMain] o.apache.catalina.core.StandardService   : Stopping service [Tomcat]
2022-09-16 09:50:07.479  INFO 14732 --- [restartedMain] ConditionEvaluationReportLoggingListener : 

Error starting ApplicationContext. To display the conditions report re-run your application with 'debug' enabled.
2022-09-16 09:50:07.489 ERROR 14732 --- [restartedMain] o.s.b.d.LoggingFailureAnalysisReporter   : 

***************************
APPLICATION FAILED TO START
***************************

Description:

Failed to configure a DataSource: 'url' attribute is not specified and no embedded datasource could be configured.

Reason: Failed to determine a suitable driver class


Action:

Consider the following:
	If you want an embedded database (H2, HSQL or Derby), please put it on the classpath.
	If you have database settings to be loaded from a particular profile you may need to activate it (no profiles are currently active).

